  AssaultPlayerPiece.cpp
  BehaviorTreeNode.cpp
  EnemyPiece.cpp
D:\Profiles\lgd1649\Documents\GitHub\geometryCommander\geometryCommander\geometryCommander\EnemyPiece.cpp(83,81): warning C4244: 'argument': conversion from 'T' to 'const unsigned int', possible loss of data
          with
          [
              T=float
          ]
D:\Profiles\lgd1649\Documents\GitHub\geometryCommander\geometryCommander\geometryCommander\EnemyPiece.cpp(83,90): warning C4244: 'argument': conversion from 'T' to 'const unsigned int', possible loss of data
          with
          [
              T=float
          ]
D:\Profiles\lgd1649\Documents\GitHub\geometryCommander\geometryCommander\geometryCommander\EnemyPiece.cpp(97,30): warning C4018: '<': signed/unsigned mismatch
D:\Profiles\lgd1649\Documents\GitHub\geometryCommander\geometryCommander\geometryCommander\EnemyPiece.cpp(98,31): warning C4018: '<': signed/unsigned mismatch
D:\Profiles\lgd1649\Documents\GitHub\geometryCommander\geometryCommander\geometryCommander\EnemyPiece.cpp(104,58): warning C4244: 'argument': conversion from 'unsigned int' to 'T', possible loss of data
          with
          [
              T=float
          ]
D:\Profiles\lgd1649\Documents\GitHub\geometryCommander\geometryCommander\geometryCommander\EnemyPiece.cpp(104,55): warning C4244: 'argument': conversion from 'unsigned int' to 'T', possible loss of data
          with
          [
              T=float
          ]
D:\Profiles\lgd1649\Documents\GitHub\geometryCommander\geometryCommander\geometryCommander\EnemyPiece.cpp(105,44): warning C4244: 'argument': conversion from 'unsigned int' to 'T', possible loss of data
          with
          [
              T=float
          ]
D:\Profiles\lgd1649\Documents\GitHub\geometryCommander\geometryCommander\geometryCommander\EnemyPiece.cpp(105,41): warning C4244: 'argument': conversion from 'unsigned int' to 'T', possible loss of data
          with
          [
              T=float
          ]
D:\Profiles\lgd1649\Documents\GitHub\geometryCommander\geometryCommander\geometryCommander\EnemyPiece.cpp(150,49): warning C4244: 'argument': conversion from 'T' to 'const unsigned int', possible loss of data
          with
          [
              T=float
          ]
D:\Profiles\lgd1649\Documents\GitHub\geometryCommander\geometryCommander\geometryCommander\EnemyPiece.cpp(150,58): warning C4244: 'argument': conversion from 'T' to 'const unsigned int', possible loss of data
          with
          [
              T=float
          ]
D:\Profiles\lgd1649\Documents\GitHub\geometryCommander\geometryCommander\geometryCommander\EnemyPiece.cpp(174,45): warning C4244: 'argument': conversion from 'T' to 'const unsigned int', possible loss of data
          with
          [
              T=float
          ]
D:\Profiles\lgd1649\Documents\GitHub\geometryCommander\geometryCommander\geometryCommander\EnemyPiece.cpp(174,54): warning C4244: 'argument': conversion from 'T' to 'const unsigned int', possible loss of data
          with
          [
              T=float
          ]
D:\Profiles\lgd1649\Documents\GitHub\geometryCommander\geometryCommander\geometryCommander\EnemyPiece.cpp(174,88): warning C4244: 'argument': conversion from 'T' to 'const unsigned int', possible loss of data
          with
          [
              T=float
          ]
D:\Profiles\lgd1649\Documents\GitHub\geometryCommander\geometryCommander\geometryCommander\EnemyPiece.cpp(174,106): warning C4244: 'argument': conversion from 'T' to 'const unsigned int', possible loss of data
          with
          [
              T=float
          ]
D:\Profiles\lgd1649\Documents\GitHub\geometryCommander\geometryCommander\geometryCommander\EnemyPiece.cpp(189,81): warning C4244: 'argument': conversion from 'T' to 'const unsigned int', possible loss of data
          with
          [
              T=float
          ]
D:\Profiles\lgd1649\Documents\GitHub\geometryCommander\geometryCommander\geometryCommander\EnemyPiece.cpp(189,90): warning C4244: 'argument': conversion from 'T' to 'const unsigned int', possible loss of data
          with
          [
              T=float
          ]
D:\Profiles\lgd1649\Documents\GitHub\geometryCommander\geometryCommander\geometryCommander\EnemyPiece.cpp(189,134): warning C4244: 'argument': conversion from 'T' to 'const unsigned int', possible loss of data
          with
          [
              T=float
          ]
D:\Profiles\lgd1649\Documents\GitHub\geometryCommander\geometryCommander\geometryCommander\EnemyPiece.cpp(189,161): warning C4244: 'argument': conversion from 'T' to 'const unsigned int', possible loss of data
          with
          [
              T=float
          ]
D:\Profiles\lgd1649\Documents\GitHub\geometryCommander\geometryCommander\geometryCommander\EnemyPiece.cpp(199,126): warning C4244: 'argument': conversion from 'T' to 'const unsigned int', possible loss of data
          with
          [
              T=float
          ]
D:\Profiles\lgd1649\Documents\GitHub\geometryCommander\geometryCommander\geometryCommander\EnemyPiece.cpp(199,148): warning C4244: 'argument': conversion from 'T' to 'const unsigned int', possible loss of data
          with
          [
              T=float
          ]
D:\Profiles\lgd1649\Documents\GitHub\geometryCommander\geometryCommander\geometryCommander\EnemyPiece.cpp(202,50): warning C4244: 'argument': conversion from 'T' to 'const unsigned int', possible loss of data
          with
          [
              T=float
          ]
D:\Profiles\lgd1649\Documents\GitHub\geometryCommander\geometryCommander\geometryCommander\EnemyPiece.cpp(202,59): warning C4244: 'argument': conversion from 'T' to 'const unsigned int', possible loss of data
          with
          [
              T=float
          ]
D:\Profiles\lgd1649\Documents\GitHub\geometryCommander\geometryCommander\geometryCommander\EnemyPiece.cpp(203,49): warning C4244: 'argument': conversion from 'T' to 'const unsigned int', possible loss of data
          with
          [
              T=float
          ]
D:\Profiles\lgd1649\Documents\GitHub\geometryCommander\geometryCommander\geometryCommander\EnemyPiece.cpp(203,58): warning C4244: 'argument': conversion from 'T' to 'const unsigned int', possible loss of data
          with
          [
              T=float
          ]
D:\Profiles\lgd1649\Documents\GitHub\geometryCommander\geometryCommander\geometryCommander\EnemyPiece.cpp(208,36): warning C4244: 'argument': conversion from 'unsigned int' to 'T', possible loss of data
          with
          [
              T=float
          ]
D:\Profiles\lgd1649\Documents\GitHub\geometryCommander\geometryCommander\geometryCommander\EnemyPiece.cpp(208,33): warning C4244: 'argument': conversion from 'unsigned int' to 'T', possible loss of data
          with
          [
              T=float
          ]
D:\Profiles\lgd1649\Documents\GitHub\geometryCommander\geometryCommander\geometryCommander\EnemyPiece.cpp(216,44): warning C4244: 'argument': conversion from 'T' to 'const unsigned int', possible loss of data
          with
          [
              T=float
          ]
D:\Profiles\lgd1649\Documents\GitHub\geometryCommander\geometryCommander\geometryCommander\EnemyPiece.cpp(216,53): warning C4244: 'argument': conversion from 'T' to 'const unsigned int', possible loss of data
          with
          [
              T=float
          ]
D:\Profiles\lgd1649\Documents\GitHub\geometryCommander\geometryCommander\geometryCommander\EnemyPiece.cpp(216,84): warning C4244: 'argument': conversion from 'T' to 'const unsigned int', possible loss of data
          with
          [
              T=float
          ]
D:\Profiles\lgd1649\Documents\GitHub\geometryCommander\geometryCommander\geometryCommander\EnemyPiece.cpp(216,98): warning C4244: 'argument': conversion from 'T' to 'const unsigned int', possible loss of data
          with
          [
              T=float
          ]
D:\Profiles\lgd1649\Documents\GitHub\geometryCommander\geometryCommander\geometryCommander\EnemyPiece.cpp(430,125): warning C4244: 'argument': conversion from 'T' to 'int', possible loss of data
          with
          [
              T=float
          ]
D:\Profiles\lgd1649\Documents\GitHub\geometryCommander\geometryCommander\geometryCommander\EnemyPiece.cpp(430,116): warning C4244: 'argument': conversion from 'T' to 'int', possible loss of data
          with
          [
              T=float
          ]
D:\Profiles\lgd1649\Documents\GitHub\geometryCommander\geometryCommander\geometryCommander\EnemyPiece.cpp(430,107): warning C4244: 'argument': conversion from 'T' to 'int', possible loss of data
          with
          [
              T=float
          ]
D:\Profiles\lgd1649\Documents\GitHub\geometryCommander\geometryCommander\geometryCommander\EnemyPiece.cpp(430,76): warning C4244: 'argument': conversion from 'T' to 'int', possible loss of data
          with
          [
              T=float
          ]
D:\Profiles\lgd1649\Documents\GitHub\geometryCommander\geometryCommander\geometryCommander\EnemyPiece.cpp(439,51): warning C4018: '<=': signed/unsigned mismatch
  GameManager.cpp
D:\Profiles\lgd1649\Documents\GitHub\geometryCommander\geometryCommander\geometryCommander\GameManager.cpp(16,29): warning C4018: '<': signed/unsigned mismatch
D:\Profiles\lgd1649\Documents\GitHub\geometryCommander\geometryCommander\geometryCommander\GameManager.cpp(20,29): warning C4018: '<': signed/unsigned mismatch
D:\Profiles\lgd1649\Documents\GitHub\geometryCommander\geometryCommander\geometryCommander\GameManager.cpp(58,30): warning C4018: '<': signed/unsigned mismatch
D:\Profiles\lgd1649\Documents\GitHub\geometryCommander\geometryCommander\geometryCommander\GameManager.cpp(60,31): warning C4018: '<': signed/unsigned mismatch
D:\Profiles\lgd1649\Documents\GitHub\geometryCommander\geometryCommander\geometryCommander\GameManager.cpp(90,12): warning C4244: 'initializing': conversion from 'int' to 'float', possible loss of data
D:\Profiles\lgd1649\Documents\GitHub\geometryCommander\geometryCommander\geometryCommander\GameManager.cpp(92,112): warning C4244: 'argument': conversion from 'T' to 'int', possible loss of data
          with
          [
              T=float
          ]
D:\Profiles\lgd1649\Documents\GitHub\geometryCommander\geometryCommander\geometryCommander\GameManager.cpp(92,74): warning C4244: 'argument': conversion from 'T' to 'int', possible loss of data
          with
          [
              T=float
          ]
D:\Profiles\lgd1649\Documents\GitHub\geometryCommander\geometryCommander\geometryCommander\GameManager.cpp(95,111): warning C4244: 'argument': conversion from 'T' to 'int', possible loss of data
          with
          [
              T=float
          ]
D:\Profiles\lgd1649\Documents\GitHub\geometryCommander\geometryCommander\geometryCommander\GameManager.cpp(95,73): warning C4244: 'argument': conversion from 'T' to 'int', possible loss of data
          with
          [
              T=float
          ]
D:\Profiles\lgd1649\Documents\GitHub\geometryCommander\geometryCommander\geometryCommander\GameManager.cpp(98,110): warning C4244: 'argument': conversion from 'T' to 'int', possible loss of data
          with
          [
              T=float
          ]
D:\Profiles\lgd1649\Documents\GitHub\geometryCommander\geometryCommander\geometryCommander\GameManager.cpp(98,72): warning C4244: 'argument': conversion from 'T' to 'int', possible loss of data
          with
          [
              T=float
          ]
D:\Profiles\lgd1649\Documents\GitHub\geometryCommander\geometryCommander\geometryCommander\GameManager.cpp(108,114): warning C4244: 'argument': conversion from 'T' to 'int', possible loss of data
          with
          [
              T=float
          ]
D:\Profiles\lgd1649\Documents\GitHub\geometryCommander\geometryCommander\geometryCommander\GameManager.cpp(108,76): warning C4244: 'argument': conversion from 'T' to 'int', possible loss of data
          with
          [
              T=float
          ]
D:\Profiles\lgd1649\Documents\GitHub\geometryCommander\geometryCommander\geometryCommander\GameManager.cpp(187,87): warning C4244: 'argument': conversion from 'int' to 'float', possible loss of data
D:\Profiles\lgd1649\Documents\GitHub\geometryCommander\geometryCommander\geometryCommander\GameManager.cpp(305,68): warning C4244: 'argument': conversion from 'T' to 'const unsigned int', possible loss of data
          with
          [
              T=float
          ]
D:\Profiles\lgd1649\Documents\GitHub\geometryCommander\geometryCommander\geometryCommander\GameManager.cpp(305,103): warning C4244: 'argument': conversion from 'T' to 'const unsigned int', possible loss of data
          with
          [
              T=float
          ]
D:\Profiles\lgd1649\Documents\GitHub\geometryCommander\geometryCommander\geometryCommander\GameManager.cpp(346,83): warning C4244: 'argument': conversion from 'int' to 'float', possible loss of data
  GamePiece.cpp
D:\Profiles\lgd1649\Documents\GitHub\geometryCommander\geometryCommander\geometryCommander\GamePiece.cpp(9,15): warning C4244: 'initializing': conversion from 'int' to 'float', possible loss of data
D:\Profiles\lgd1649\Documents\GitHub\geometryCommander\geometryCommander\geometryCommander\GamePiece.cpp(12,12): warning C4244: '=': conversion from 'int' to 'float', possible loss of data
D:\Profiles\lgd1649\Documents\GitHub\geometryCommander\geometryCommander\geometryCommander\GamePiece.cpp(14,9): warning C4244: 'return': conversion from 'float' to 'int', possible loss of data
D:\Profiles\lgd1649\Documents\GitHub\geometryCommander\geometryCommander\geometryCommander\GamePiece.cpp(19,20): warning C4244: 'initializing': conversion from 'int' to 'float', possible loss of data
D:\Profiles\lgd1649\Documents\GitHub\geometryCommander\geometryCommander\geometryCommander\GamePiece.cpp(123,12): warning C4244: 'initializing': conversion from 'int' to 'float', possible loss of data
D:\Profiles\lgd1649\Documents\GitHub\geometryCommander\geometryCommander\geometryCommander\GamePiece.cpp(149,9): warning C4244: '=': conversion from 'int' to 'float', possible loss of data
D:\Profiles\lgd1649\Documents\GitHub\geometryCommander\geometryCommander\geometryCommander\GamePiece.cpp(150,9): warning C4244: '=': conversion from 'int' to 'float', possible loss of data
D:\Profiles\lgd1649\Documents\GitHub\geometryCommander\geometryCommander\geometryCommander\GamePiece.cpp(216,29): warning C4305: '+=': truncation from 'double' to 'float'
D:\Profiles\lgd1649\Documents\GitHub\geometryCommander\geometryCommander\geometryCommander\GamePiece.cpp(240,31): warning C4305: '+=': truncation from 'double' to 'float'
  geometryCommander.cpp
D:\Profiles\lgd1649\Documents\GitHub\geometryCommander\geometryCommander\geometryCommander\geometryCommander.cpp(35,15): warning C4244: 'argument': conversion from 'time_t' to 'unsigned int', possible loss of data
  Grid.cpp
D:\Profiles\lgd1649\Documents\GitHub\geometryCommander\geometryCommander\geometryCommander\Grid.cpp(45,29): warning C4018: '<': signed/unsigned mismatch
D:\Profiles\lgd1649\Documents\GitHub\geometryCommander\geometryCommander\geometryCommander\Grid.cpp(47,30): warning C4018: '<': signed/unsigned mismatch
D:\Profiles\lgd1649\Documents\GitHub\geometryCommander\geometryCommander\geometryCommander\Grid.cpp(49,111): warning C4244: 'argument': conversion from 'unsigned int' to 'T', possible loss of data
          with
          [
              T=float
          ]
D:\Profiles\lgd1649\Documents\GitHub\geometryCommander\geometryCommander\geometryCommander\Grid.cpp(49,109): warning C4244: 'argument': conversion from 'unsigned int' to 'T', possible loss of data
          with
          [
              T=float
          ]
D:\Profiles\lgd1649\Documents\GitHub\geometryCommander\geometryCommander\geometryCommander\Grid.cpp(49,91): warning C4244: 'argument': conversion from 'unsigned int' to 'float', possible loss of data
D:\Profiles\lgd1649\Documents\GitHub\geometryCommander\geometryCommander\geometryCommander\Grid.cpp(49,76): warning C4244: 'argument': conversion from 'unsigned int' to 'float', possible loss of data
D:\Profiles\lgd1649\Documents\GitHub\geometryCommander\geometryCommander\geometryCommander\Grid.cpp(89,42): warning C4244: 'argument': conversion from 'T' to 'int', possible loss of data
          with
          [
              T=float
          ]
D:\Profiles\lgd1649\Documents\GitHub\geometryCommander\geometryCommander\geometryCommander\Grid.cpp(89,28): warning C4244: 'argument': conversion from 'T' to 'int', possible loss of data
          with
          [
              T=float
          ]
D:\Profiles\lgd1649\Documents\GitHub\geometryCommander\geometryCommander\geometryCommander\Grid.cpp(100,14): warning C4244: 'initializing': conversion from 'T' to 'int', possible loss of data
          with
          [
              T=float
          ]
D:\Profiles\lgd1649\Documents\GitHub\geometryCommander\geometryCommander\geometryCommander\Grid.cpp(101,15): warning C4244: 'initializing': conversion from 'T' to 'int', possible loss of data
          with
          [
              T=float
          ]
D:\Profiles\lgd1649\Documents\GitHub\geometryCommander\geometryCommander\geometryCommander\Grid.cpp(156,24): warning C4018: '<': signed/unsigned mismatch
D:\Profiles\lgd1649\Documents\GitHub\geometryCommander\geometryCommander\geometryCommander\Grid.cpp(174,22): warning C4018: '<': signed/unsigned mismatch
D:\Profiles\lgd1649\Documents\GitHub\geometryCommander\geometryCommander\geometryCommander\Grid.cpp(276,14): warning C4244: 'initializing': conversion from 'T' to 'int', possible loss of data
          with
          [
              T=float
          ]
D:\Profiles\lgd1649\Documents\GitHub\geometryCommander\geometryCommander\geometryCommander\Grid.cpp(277,15): warning C4244: 'initializing': conversion from 'T' to 'int', possible loss of data
          with
          [
              T=float
          ]
D:\Profiles\lgd1649\Documents\GitHub\geometryCommander\geometryCommander\geometryCommander\Grid.cpp(334,24): warning C4244: 'argument': conversion from 'float' to 'int', possible loss of data
D:\Profiles\lgd1649\Documents\GitHub\geometryCommander\geometryCommander\geometryCommander\Grid.cpp(365,116): warning C4244: 'argument': conversion from 'T' to 'int', possible loss of data
          with
          [
              T=float
          ]
D:\Profiles\lgd1649\Documents\GitHub\geometryCommander\geometryCommander\geometryCommander\Grid.cpp(365,102): warning C4244: 'argument': conversion from 'T' to 'int', possible loss of data
          with
          [
              T=float
          ]
D:\Profiles\lgd1649\Documents\GitHub\geometryCommander\geometryCommander\geometryCommander\Grid.cpp(365,88): warning C4244: 'argument': conversion from 'T' to 'int', possible loss of data
          with
          [
              T=float
          ]
D:\Profiles\lgd1649\Documents\GitHub\geometryCommander\geometryCommander\geometryCommander\Grid.cpp(365,67): warning C4244: 'argument': conversion from 'T' to 'int', possible loss of data
          with
          [
              T=float
          ]
D:\Profiles\lgd1649\Documents\GitHub\geometryCommander\geometryCommander\geometryCommander\Grid.cpp(367,41): warning C4244: 'argument': conversion from 'T' to 'const unsigned int', possible loss of data
          with
          [
              T=float
          ]
D:\Profiles\lgd1649\Documents\GitHub\geometryCommander\geometryCommander\geometryCommander\Grid.cpp(367,62): warning C4244: 'argument': conversion from 'T' to 'const unsigned int', possible loss of data
          with
          [
              T=float
          ]
  GridBox.cpp
D:\Profiles\lgd1649\Documents\GitHub\geometryCommander\geometryCommander\geometryCommander\GridBox.cpp(14,54): warning C4244: 'argument': conversion from 'int' to 'T', possible loss of data
          with
          [
              T=float
          ]
D:\Profiles\lgd1649\Documents\GitHub\geometryCommander\geometryCommander\geometryCommander\GridBox.cpp(14,47): warning C4244: 'argument': conversion from 'int' to 'T', possible loss of data
          with
          [
              T=float
          ]
D:\Profiles\lgd1649\Documents\GitHub\geometryCommander\geometryCommander\geometryCommander\GridBox.cpp(32,54): warning C4244: 'argument': conversion from 'int' to 'T', possible loss of data
          with
          [
              T=float
          ]
D:\Profiles\lgd1649\Documents\GitHub\geometryCommander\geometryCommander\geometryCommander\GridBox.cpp(32,47): warning C4244: 'argument': conversion from 'int' to 'T', possible loss of data
          with
          [
              T=float
          ]
D:\Profiles\lgd1649\Documents\GitHub\geometryCommander\geometryCommander\geometryCommander\GridBox.cpp(71,13): warning C4244: '=': conversion from 'float' to 'int', possible loss of data
D:\Profiles\lgd1649\Documents\GitHub\geometryCommander\geometryCommander\geometryCommander\GridBox.cpp(96,12): warning C4244: 'initializing': conversion from 'T' to 'int', possible loss of data
          with
          [
              T=float
          ]
D:\Profiles\lgd1649\Documents\GitHub\geometryCommander\geometryCommander\geometryCommander\GridBox.cpp(97,12): warning C4244: 'initializing': conversion from 'T' to 'int', possible loss of data
          with
          [
              T=float
          ]
D:\Profiles\lgd1649\Documents\GitHub\geometryCommander\geometryCommander\geometryCommander\GridBox.cpp(99,17): warning C4244: 'initializing': conversion from 'double' to 'float', possible loss of data
D:\Profiles\lgd1649\Documents\GitHub\geometryCommander\geometryCommander\geometryCommander\GridBox.cpp(101,11): warning C4244: '=': conversion from 'float' to 'int', possible loss of data
  HeavyPlayerPiece.cpp
  InputManager.cpp
  MyUtils.cpp
D:\Profiles\lgd1649\Documents\GitHub\geometryCommander\geometryCommander\geometryCommander\MyUtils.cpp(24,13): warning C4244: 'initializing': conversion from 'int' to 'float', possible loss of data
D:\Profiles\lgd1649\Documents\GitHub\geometryCommander\geometryCommander\geometryCommander\MyUtils.cpp(25,13): warning C4244: 'initializing': conversion from 'int' to 'float', possible loss of data
D:\Profiles\lgd1649\Documents\GitHub\geometryCommander\geometryCommander\geometryCommander\MyUtils.cpp(26,14): warning C4244: 'return': conversion from 'float' to 'int', possible loss of data
D:\Profiles\lgd1649\Documents\GitHub\geometryCommander\geometryCommander\geometryCommander\MyUtils.cpp(31,86): warning C4244: 'argument': conversion from 'T' to 'int', possible loss of data
          with
          [
              T=float
          ]
D:\Profiles\lgd1649\Documents\GitHub\geometryCommander\geometryCommander\geometryCommander\MyUtils.cpp(31,72): warning C4244: 'argument': conversion from 'T' to 'int', possible loss of data
          with
          [
              T=float
          ]
D:\Profiles\lgd1649\Documents\GitHub\geometryCommander\geometryCommander\geometryCommander\MyUtils.cpp(31,58): warning C4244: 'argument': conversion from 'T' to 'int', possible loss of data
          with
          [
              T=float
          ]
D:\Profiles\lgd1649\Documents\GitHub\geometryCommander\geometryCommander\geometryCommander\MyUtils.cpp(31,42): warning C4244: 'argument': conversion from 'T' to 'int', possible loss of data
          with
          [
              T=float
          ]
  PlayerPiece.cpp
D:\Profiles\lgd1649\Documents\GitHub\geometryCommander\geometryCommander\geometryCommander\PlayerPiece.cpp(9,41): warning C4244: 'argument': conversion from 'int' to 'T', possible loss of data
          with
          [
              T=float
          ]
D:\Profiles\lgd1649\Documents\GitHub\geometryCommander\geometryCommander\geometryCommander\PlayerPiece.cpp(9,35): warning C4244: 'argument': conversion from 'int' to 'T', possible loss of data
          with
          [
              T=float
          ]
D:\Profiles\lgd1649\Documents\GitHub\geometryCommander\geometryCommander\geometryCommander\PlayerPiece.cpp(42,41): warning C4244: 'argument': conversion from 'T' to 'const unsigned int', possible loss of data
          with
          [
              T=float
          ]
D:\Profiles\lgd1649\Documents\GitHub\geometryCommander\geometryCommander\geometryCommander\PlayerPiece.cpp(42,48): warning C4244: 'argument': conversion from 'T' to 'const unsigned int', possible loss of data
          with
          [
              T=float
          ]
  SniperPlayerPiece.cpp
  Generating Code...
D:\Profiles\lgd1649\Documents\GitHub\geometryCommander\geometryCommander\geometryCommander\PlayerPiece.cpp(126): warning C4715: 'PlayerPiece::isPositionFlanked': not all control paths return a value
D:\Profiles\lgd1649\Documents\GitHub\geometryCommander\geometryCommander\geometryCommander\EnemyPiece.cpp(414): warning C4715: 'EnemyPiece::isPositionFlanked': not all control paths return a value
  geometryCommander.vcxproj -> D:\Profiles\lgd1649\Documents\GitHub\geometryCommander\geometryCommander\Debug\geometryCommander.exe
